# JRE version: Java(TM) SE Runtime Environment (8.0_71-b15) (build 1.8.0_71-b15)
# Java VM: Java HotSpot(TM) 64-Bit Server VM (25.71-b15 mixed mode bsd-amd64 compressed oops)
Heap:
 PSYoungGen      total 1238528K, used 951529K [0x000000076bb00000, 0x00000007bf400000, 0x00000007c0000000)
  eden space 1230848K, 77% used [0x000000076bb00000,0x00000007a5c3a5d0,0x00000007b6d00000)
  from space 7680K, 0% used [0x00000007b6d00000,0x00000007b6d00000,0x00000007b7480000)
  to   space 69120K, 0% used [0x00000007bb080000,0x00000007bb080000,0x00000007bf400000)
 ParOldGen       total 454144K, used 115924K [0x00000006c3000000, 0x00000006deb80000, 0x000000076bb00000)
  object space 454144K, 25% used [0x00000006c3000000,0x00000006ca135060,0x00000006deb80000)
 Metaspace       used 198058K, capacity 207086K, committed 217932K, reserved 1236992K
  class space    used 25003K, capacity 26492K, committed 31348K, reserved 1048576K
GC Heap History (10 events):
Event: 7770.475 GC heap before
{Heap before GC invocations=87 (full 6):
 PSYoungGen      total 1299968K, used 1216063K [0x000000076bb00000, 0x00000007c0000000, 0x00000007c0000000)
  eden space 1227776K, 94% used [0x000000076bb00000,0x00000007b2d21e18,0x00000007b6a00000)
  from space 72192K, 70% used [0x00000007bb980000,0x00000007beaee1a8,0x00000007c0000000)
  to   space 76800K, 0% used [0x00000007b6a00000,0x00000007b6a00000,0x00000007bb500000)
 ParOldGen       total 454144K, used 333156K [0x00000006c3000000, 0x00000006deb80000, 0x000000076bb00000)
  object space 454144K, 73% used [0x00000006c3000000,0x00000006d75593a8,0x00000006deb80000)
 Metaspace       used 222829K, capacity 232024K, committed 232268K, reserved 1251328K
  class space    used 29685K, capacity 31246K, committed 31348K, reserved 1048576K
Event: 7771.629 GC heap after
Heap after GC invocations=87 (full 6):
 PSYoungGen      total 1304576K, used 32590K [0x000000076bb00000, 0x00000007c0000000, 0x00000007c0000000)
  eden space 1227776K, 0% used [0x000000076bb00000,0x000000076bb00000,0x00000007b6a00000)
  from space 76800K, 42% used [0x00000007b6a00000,0x00000007b89d3800,0x00000007bb500000)
  to   space 73728K, 0% used [0x00000007bb800000,0x00000007bb800000,0x00000007c0000000)
 ParOldGen       total 454144K, used 360025K [0x00000006c3000000, 0x00000006deb80000, 0x000000076bb00000)
  object space 454144K, 79% used [0x00000006c3000000,0x00000006d8f964c0,0x00000006deb80000)
 Metaspace       used 222829K, capacity 232024K, committed 232268K, reserved 1251328K
  class space    used 29685K, capacity 31246K, committed 31348K, reserved 1048576K
}
Event: 7771.629 GC heap before
{Heap before GC invocations=88 (full 7):
 PSYoungGen      total 1304576K, used 32590K [0x000000076bb00000, 0x00000007c0000000, 0x00000007c0000000)
  eden space 1227776K, 0% used [0x000000076bb00000,0x000000076bb00000,0x00000007b6a00000)
  from space 76800K, 42% used [0x00000007b6a00000,0x00000007b89d3800,0x00000007bb500000)
  to   space 73728K, 0% used [0x00000007bb800000,0x00000007bb800000,0x00000007c0000000)
 ParOldGen       total 454144K, used 360025K [0x00000006c3000000, 0x00000006deb80000, 0x000000076bb00000)
  object space 454144K, 79% used [0x00000006c3000000,0x00000006d8f964c0,0x00000006deb80000)
 Metaspace       used 222829K, capacity 232024K, committed 232268K, reserved 1251328K
  class space    used 29685K, capacity 31246K, committed 31348K, reserved 1048576K
Event: 7774.115 GC heap after
Heap after GC invocations=88 (full 7):
 PSYoungGen      total 1304576K, used 0K [0x000000076bb00000, 0x00000007c0000000, 0x00000007c0000000)
  eden space 1227776K, 0% used [0x000000076bb00000,0x000000076bb00000,0x00000007b6a00000)
  from space 76800K, 0% used [0x00000007b6a00000,0x00000007b6a00000,0x00000007bb500000)
  to   space 73728K, 0% used [0x00000007bb800000,0x00000007bb800000,0x00000007c0000000)
 ParOldGen       total 454144K, used 194428K [0x00000006c3000000, 0x00000006deb80000, 0x000000076bb00000)
  object space 454144K, 42% used [0x00000006c3000000,0x00000006ceddf020,0x00000006deb80000)
 Metaspace       used 197148K, capacity 205474K, committed 217932K, reserved 1236992K
  class space    used 24881K, capacity 26268K, committed 31348K, reserved 1048576K
}
Event: 10793.663 GC heap before
{Heap before GC invocations=89 (full 7):
 PSYoungGen      total 1304576K, used 1227776K [0x000000076bb00000, 0x00000007c0000000, 0x00000007c0000000)
  eden space 1227776K, 100% used [0x000000076bb00000,0x00000007b6a00000,0x00000007b6a00000)
  from space 76800K, 0% used [0x00000007b6a00000,0x00000007b6a00000,0x00000007bb500000)
  to   space 73728K, 0% used [0x00000007bb800000,0x00000007bb800000,0x00000007c0000000)
 ParOldGen       total 454144K, used 194428K [0x00000006c3000000, 0x00000006deb80000, 0x000000076bb00000)
  object space 454144K, 42% used [0x00000006c3000000,0x00000006ceddf020,0x00000006deb80000)
 Metaspace       used 197780K, capacity 206570K, committed 217932K, reserved 1236992K
  class space    used 24979K, capacity 26428K, committed 31348K, reserved 1048576K
Event: 10794.324 GC heap after
Heap after GC invocations=89 (full 7):
 PSYoungGen      total 1293312K, used 26490K [0x000000076bb00000, 0x00000007bf500000, 0x00000007c0000000)
  eden space 1230848K, 0% used [0x000000076bb00000,0x000000076bb00000,0x00000007b6d00000)
  from space 62464K, 42% used [0x00000007bb800000,0x00000007bd1de9e0,0x00000007bf500000)
  to   space 69632K, 0% used [0x00000007b6d00000,0x00000007b6d00000,0x00000007bb100000)
 ParOldGen       total 454144K, used 194436K [0x00000006c3000000, 0x00000006deb80000, 0x000000076bb00000)
  object space 454144K, 42% used [0x00000006c3000000,0x00000006cede1020,0x00000006deb80000)
 Metaspace       used 197780K, capacity 206570K, committed 217932K, reserved 1236992K
  class space    used 24979K, capacity 26428K, committed 31348K, reserved 1048576K
}
Event: 11374.123 GC heap before
{Heap before GC invocations=90 (full 7):
 PSYoungGen      total 1293312K, used 517133K [0x000000076bb00000, 0x00000007bf500000, 0x00000007c0000000)
  eden space 1230848K, 39% used [0x000000076bb00000,0x0000000789a24de8,0x00000007b6d00000)
  from space 62464K, 42% used [0x00000007bb800000,0x00000007bd1de9e0,0x00000007bf500000)
  to   space 69632K, 0% used [0x00000007b6d00000,0x00000007b6d00000,0x00000007bb100000)
 ParOldGen       total 454144K, used 194436K [0x00000006c3000000, 0x00000006deb80000, 0x000000076bb00000)
  object space 454144K, 42% used [0x00000006c3000000,0x00000006cede1020,0x00000006deb80000)
 Metaspace       used 198062K, capacity 207142K, committed 217932K, reserved 1236992K
  class space    used 25018K, capacity 26528K, committed 31348K, reserved 1048576K
Event: 11374.957 GC heap after
Heap after GC invocations=90 (full 7):
 PSYoungGen      total 1238528K, used 7402K [0x000000076bb00000, 0x00000007bf400000, 0x00000007c0000000)
  eden space 1230848K, 0% used [0x000000076bb00000,0x000000076bb00000,0x00000007b6d00000)
  from space 7680K, 96% used [0x00000007b6d00000,0x00000007b743ab48,0x00000007b7480000)
  to   space 69120K, 0% used [0x00000007bb080000,0x00000007bb080000,0x00000007bf400000)
 ParOldGen       total 454144K, used 195055K [0x00000006c3000000, 0x00000006deb80000, 0x000000076bb00000)
  object space 454144K, 42% used [0x00000006c3000000,0x00000006cee7bd90,0x00000006deb80000)
 Metaspace       used 198062K, capacity 207142K, committed 217932K, reserved 1236992K
  class space    used 25018K, capacity 26528K, committed 31348K, reserved 1048576K
}
Event: 11374.957 GC heap before
{Heap before GC invocations=91 (full 8):
 PSYoungGen      total 1238528K, used 7402K [0x000000076bb00000, 0x00000007bf400000, 0x00000007c0000000)
  eden space 1230848K, 0% used [0x000000076bb00000,0x000000076bb00000,0x00000007b6d00000)
  from space 7680K, 96% used [0x00000007b6d00000,0x00000007b743ab48,0x00000007b7480000)
  to   space 69120K, 0% used [0x00000007bb080000,0x00000007bb080000,0x00000007bf400000)
 ParOldGen       total 454144K, used 195055K [0x00000006c3000000, 0x00000006deb80000, 0x000000076bb00000)
  object space 454144K, 42% used [0x00000006c3000000,0x00000006cee7bd90,0x00000006deb80000)
 Metaspace       used 198062K, capacity 207142K, committed 217932K, reserved 1236992K
  class space    used 25018K, capacity 26528K, committed 31348K, reserved 1048576K
Event: 11378.599 GC heap after
Heap after GC invocations=91 (full 8):
 PSYoungGen      total 1238528K, used 0K [0x000000076bb00000, 0x00000007bf400000, 0x00000007c0000000)
  eden space 1230848K, 0% used [0x000000076bb00000,0x000000076bb00000,0x00000007b6d00000)
  from space 7680K, 0% used [0x00000007b6d00000,0x00000007b6d00000,0x00000007b7480000)
  to   space 69120K, 0% used [0x00000007bb080000,0x00000007bb080000,0x00000007bf400000)
 ParOldGen       total 454144K, used 115924K [0x00000006c3000000, 0x00000006deb80000, 0x000000076bb00000)
  object space 454144K, 25% used [0x00000006c3000000,0x00000006ca135060,0x00000006deb80000)
 Metaspace       used 197879K, capacity 206846K, committed 217932K, reserved 1236992K
  class space    used 24987K, capacity 26474K, committed 31348K, reserved 1048576K
}

